Fri, 22 May 2020 10:16:06 GMT - Debug - [{"_id":"5ec663de13b5e24eb049e6a4","title":"meshi's board","bg":"#122961","members":[{"_id":"5ec5581139619913d9c4da56","name":"abi abambi"}],"stacks":[{"bgColor":"#fefefe","cards":[],"id":null,"title":"zsfdg"}],"createdAt":1590059998034,"createdBy":{"_id":"5ec5581139619913d9c4da56","name":"abi abambi"},"activities":[]}]
Fri, 22 May 2020 11:53:44 GMT - Debug - [{"_id":"5ec663de13b5e24eb049e6a4","title":"meshi's board","bg":"#122961","members":[{"_id":"5ec5581139619913d9c4da56","name":"abi abambi"}],"stacks":[{"bgColor":"#fefefe","cards":[],"id":null,"title":"zsfdg"}],"createdAt":1590059998034,"createdBy":{"_id":"5ec5581139619913d9c4da56","name":"abi abambi"},"activities":[]}]
Fri, 22 May 2020 11:53:48 GMT - Debug - [{"_id":"5ec663de13b5e24eb049e6a4","title":"meshi's board","bg":"#122961","members":[{"_id":"5ec5581139619913d9c4da56","name":"abi abambi"}],"stacks":[{"bgColor":"#fefefe","cards":[],"id":null,"title":"zsfdg"}],"createdAt":1590059998034,"createdBy":{"_id":"5ec5581139619913d9c4da56","name":"abi abambi"},"activities":[]}]
Fri, 22 May 2020 11:55:17 GMT - Debug - [{"_id":"5ec663de13b5e24eb049e6a4","title":"meshi's board","bg":"#122961","members":[{"_id":"5ec5581139619913d9c4da56","name":"abi abambi"}],"stacks":[{"bgColor":"#fefefe","cards":[],"id":null,"title":"zsfdg"}],"createdAt":1590059998034,"createdBy":{"_id":"5ec5581139619913d9c4da56","name":"abi abambi"},"activities":[]},{"_id":"5ec664ce13b5e24eb049e6a5","title":"problem","bg":"#eb3b5a","members":[{"_id":"5ec5581139619913d9c4da56","name":"abi abambi"}],"stacks":[{"bgColor":"#fefefe","cards":[{"id":"c103","title":"WHATTT the images from the websitesaas","description":"dasdasd","dueDate":"2020-05-22T09:46:35.667Z","labels":[{"title":"feature","color":"#eb5a46"},{"title":"bug","color":"#c377e0"}]}],"id":"6pHRS","title":"vghjk"},{"bgColor":"#fefefe","cards":[],"id":"U4Ivl","title":"jhgfjh"},{"bgColor":"#fefefe","cards":[],"id":"9EyZq","title":"sadasd"},{"bgColor":"#fefefe","cards":[],"id":"AayrF","title":"jh"},{"bgColor":"#fefefe","cards":[{"id":"c104","title":"NO WAYYYY the images from the website"}],"id":"2rpEV","title":"shit hamaniak"}],"createdAt":1590060238759,"createdBy":{"_id":"5ec5581139619913d9c4da56","name":"abi abambi"},"activities":[]}]
Fri, 22 May 2020 12:30:57 GMT - Debug - auth.service - login with username: tal
Fri, 22 May 2020 12:31:12 GMT - Debug - tal, tal, 1234
Fri, 22 May 2020 12:31:12 GMT - Debug - auth.service - signup with username: tal
Fri, 22 May 2020 12:31:12 GMT - Debug - auth.route - new account created: {"username":"tal","password":"$2a$10$.Eh.7inEQgUxaoh6OhQcBecZQxHPOTw4Uy7YhFt9MaPZNmvKfGDpm","fullname":"tal tarablus","imgUrl":"","_id":"5ec7c6105ca37317b0c1d783"}
Fri, 22 May 2020 12:31:12 GMT - Debug - auth.service - login with username: tal
Fri, 22 May 2020 12:31:12 GMT - Debug - [{"_id":"5ec663de13b5e24eb049e6a4","title":"meshi's board","bg":"#122961","members":[{"_id":"5ec5581139619913d9c4da56","name":"abi abambi"}],"stacks":[{"bgColor":"#fefefe","cards":[],"id":null,"title":"zsfdg"}],"createdAt":1590059998034,"createdBy":{"_id":"5ec5581139619913d9c4da56","name":"abi abambi"},"activities":[]}]
Fri, 22 May 2020 12:31:23 GMT - Debug - auth.service - login with username: tal
Fri, 22 May 2020 12:31:23 GMT - Debug - [{"_id":"5ec663de13b5e24eb049e6a4","title":"meshi's board","bg":"#122961","members":[{"_id":"5ec5581139619913d9c4da56","name":"abi abambi"}],"stacks":[{"bgColor":"#fefefe","cards":[],"id":null,"title":"zsfdg"}],"createdAt":1590059998034,"createdBy":{"_id":"5ec5581139619913d9c4da56","name":"abi abambi"},"activities":[]}]
Fri, 22 May 2020 12:31:27 GMT - Debug - [{"_id":"5ec663de13b5e24eb049e6a4","title":"meshi's board","bg":"#122961","members":[{"_id":"5ec5581139619913d9c4da56","name":"abi abambi"}],"stacks":[{"bgColor":"#fefefe","cards":[],"id":null,"title":"zsfdg"}],"createdAt":1590059998034,"createdBy":{"_id":"5ec5581139619913d9c4da56","name":"abi abambi"},"activities":[]}]
Fri, 22 May 2020 13:23:01 GMT - Debug - [{"_id":"5ec663de13b5e24eb049e6a4","title":"meshi's board","bg":"#122961","members":[{"_id":"5ec5581139619913d9c4da56","name":"abi abambi"}],"stacks":[{"bgColor":"#fefefe","cards":[],"id":null,"title":"zsfdg"}],"createdAt":1590059998034,"createdBy":{"_id":"5ec5581139619913d9c4da56","name":"abi abambi"},"activities":[]}]
Fri, 22 May 2020 13:25:00 GMT - Debug - [{"_id":"5ec663de13b5e24eb049e6a4","title":"meshi's board","bg":"#122961","members":[{"_id":"5ec5581139619913d9c4da56","name":"abi abambi"}],"stacks":[{"bgColor":"#fefefe","cards":[],"id":null,"title":"zsfdg"}],"createdAt":1590059998034,"createdBy":{"_id":"5ec5581139619913d9c4da56","name":"abi abambi"},"activities":[]}]
Fri, 22 May 2020 13:25:42 GMT - Debug - [{"_id":"5ec663de13b5e24eb049e6a4","title":"meshi's board","bg":"#122961","members":[{"_id":"5ec5581139619913d9c4da56","name":"abi abambi"}],"stacks":[{"bgColor":"#fefefe","cards":[],"id":null,"title":"zsfdg"}],"createdAt":1590059998034,"createdBy":{"_id":"5ec5581139619913d9c4da56","name":"abi abambi"},"activities":[]}]
Fri, 22 May 2020 13:30:18 GMT - Debug - [{"_id":"5ec663de13b5e24eb049e6a4","title":"meshi's board","bg":"#122961","members":[{"_id":"5ec5581139619913d9c4da56","name":"abi abambi"}],"stacks":[{"bgColor":"#fefefe","cards":[],"id":null,"title":"zsfdg"}],"createdAt":1590059998034,"createdBy":{"_id":"5ec5581139619913d9c4da56","name":"abi abambi"},"activities":[]}]
Fri, 22 May 2020 14:31:22 GMT - Debug - []
Fri, 22 May 2020 14:50:23 GMT - Debug - auth.service - login with username: tal
Fri, 22 May 2020 14:50:23 GMT - Debug - []
Fri, 22 May 2020 14:57:45 GMT - Debug - auth.service - login with username: tal
Fri, 22 May 2020 14:57:46 GMT - Debug - []
Fri, 22 May 2020 14:57:50 GMT - Debug - []
Fri, 22 May 2020 15:00:24 GMT - Debug - []
